<?xml version="1.0" encoding="UTF-8"?>
<testng-results skipped="0" failed="0" ignored="0" total="0" passed="0">
  <reporter-output>
  </reporter-output>
  <suite name="Modules.login.TestLogin" duration-ms="17" started-at="2020-02-21T19:25:28Z" finished-at="2020-02-21T19:25:28Z">
    <groups>
    </groups>
    <test name="Command line test" duration-ms="17" started-at="2020-02-21T19:25:28Z" finished-at="2020-02-21T19:25:28Z">
    </test> <!-- Command line test -->
  </suite> <!-- Modules.login.TestLogin -->
</testng-results>
